<?xml version="1.0" encoding="UTF-8"?>
<testng-results skipped="0" failed="0" total="1" passed="1">
  <reporter-output>
  </reporter-output>
  <suite name="Default suite" duration-ms="3465" started-at="2021-04-07T18:50:31Z" finished-at="2021-04-07T18:50:34Z">
    <groups>
    </groups>
    <test name="Default test" duration-ms="3465" started-at="2021-04-07T18:50:31Z" finished-at="2021-04-07T18:50:34Z">
      <class name="apitesting.apitesting.GenricResponeSpecification">
        <test-method status="PASS" signature="setup()[pri:0, instance:apitesting.apitesting.GenricResponeSpecification@546a03af]" name="setup" is-config="true" duration-ms="569" started-at="2021-04-08T00:20:31Z" finished-at="2021-04-08T00:20:31Z">
          <reporter-output>
          </reporter-output>
        </test-method> <!-- setup -->
        <test-method status="PASS" signature="BookingRequest()[pri:0, instance:apitesting.apitesting.GenricResponeSpecification@546a03af]" name="BookingRequest" duration-ms="2886" started-at="2021-04-08T00:20:31Z" finished-at="2021-04-08T00:20:34Z">
          <reporter-output>
          </reporter-output>
        </test-method> <!-- BookingRequest -->
      </class> <!-- apitesting.apitesting.GenricResponeSpecification -->
    </test> <!-- Default test -->
  </suite> <!-- Default suite -->
</testng-results>
